
*** src/main.rs:150:21: replace == with != in <impl PartialEq for Pencil>::eq

*** mutation diff:
--- src/main.rs
+++ replace == with != in <impl PartialEq for Pencil>::eq
@@ -142,17 +142,17 @@
 struct Pencil {
     start: Point,
     offsets: Vec<Point>,
 }
 
 impl PartialEq for Pencil
 {
     fn eq(&self, other: &Self) -> bool {
-        (self.start == other.start) && (self.offsets.len() == other.offsets.len()) &&
+        (self.start != /* ~ changed by cargo-mutants ~ */ other.start) && (self.offsets.len() == other.offsets.len()) &&
             self.offsets.iter().zip(other.offsets.iter()).fold(
                 true,
                 |result, (point_1, point_2)|
                     result && (*point_1 == *point_2)
             )
     }
 }
 


*** \\\\?\\C:\\Users\\stefa\\.rustup\\toolchains\\stable-x86_64-pc-windows-msvc\\bin\\cargo.exe build --tests --manifest-path C:\\Users\\stefa\\AppData\\Local\\Temp\\cargo-mutants-TSS-Proj-vtQfAN.tmp\\Cargo.toml
   Compiling TSS-Proj v0.1.0 (C:\Users\stefa\AppData\Local\Temp\cargo-mutants-TSS-Proj-vtQfAN.tmp)
    Finished dev [unoptimized + debuginfo] target(s) in 0.58s

*** result: Success

*** \\\\?\\C:\\Users\\stefa\\.rustup\\toolchains\\stable-x86_64-pc-windows-msvc\\bin\\cargo.exe test --manifest-path C:\\Users\\stefa\\AppData\\Local\\Temp\\cargo-mutants-TSS-Proj-vtQfAN.tmp\\Cargo.toml
    Finished test [unoptimized + debuginfo] target(s) in 0.02s
     Running unittests src\main.rs (target\debug\deps\TSS_Proj-f24ad46a4df4cb1a.exe)

running 1 test
test mutants::tests::tests::test_1 ... FAILED

failures:

---- mutants::tests::tests::test_1 stdout ----
1
thread 'mutants::tests::tests::test_1' panicked at src\main.rs:58:9:
assertion `left == right` failed
  left: start: x: 10, y: 4.6
offsets: [x: 2.4, y: 3, x: 3.6, y: 1.4]
 right: start: x: 10, y: 4.6
offsets: [x: 2.4, y: 3, x: 3.6, y: 1.4]
note: run with `RUST_BACKTRACE=1` environment variable to display a backtrace


failures:
    mutants::tests::tests::test_1

test result: FAILED. 0 passed; 1 failed; 0 ignored; 0 measured; 0 filtered out; finished in 0.00s

error: test failed, to rerun pass `--bin TSS-Proj`

*** result: Failure(101)
