
*** src/main.rs:167:9: replace <impl Debug for Pencil>::fmt -> std::fmt::Result with Ok(Default::default())

*** mutation diff:
--- src/main.rs
+++ replace <impl Debug for Pencil>::fmt -> std::fmt::Result with Ok(Default::default())
@@ -159,17 +159,17 @@
     fn fmt(&self, f: &mut Formatter<'_>) -> std::fmt::Result {
         f.write_fmt(format_args!("start: {}\noffsets: {:?}", self.start, self.offsets))
     }
 }
 
 impl Debug for Pencil
 {
     fn fmt(&self, f: &mut Formatter<'_>) -> std::fmt::Result {
-        Display::fmt(self, f)
+        Ok(Default::default()) /* ~ changed by cargo-mutants ~ */
     }
 }
 
 impl Serializer<Object> for Pencil {
     fn serialize(&self) -> Object {
         let mut pencil = Object::new();
 
         pencil.insert("start", JsonValue::Object(self.start.serialize()));


*** \\\\?\\C:\\Users\\stefa\\.rustup\\toolchains\\stable-x86_64-pc-windows-msvc\\bin\\cargo.exe build --tests --manifest-path C:\\Users\\stefa\\AppData\\Local\\Temp\\cargo-mutants-TSS-Proj-Jj7jFB.tmp\\Cargo.toml
   Compiling TSS-Proj v0.1.0 (C:\Users\stefa\AppData\Local\Temp\cargo-mutants-TSS-Proj-Jj7jFB.tmp)
    Finished dev [unoptimized + debuginfo] target(s) in 0.57s

*** result: Success

*** \\\\?\\C:\\Users\\stefa\\.rustup\\toolchains\\stable-x86_64-pc-windows-msvc\\bin\\cargo.exe test --manifest-path C:\\Users\\stefa\\AppData\\Local\\Temp\\cargo-mutants-TSS-Proj-Jj7jFB.tmp\\Cargo.toml
    Finished test [unoptimized + debuginfo] target(s) in 0.01s
     Running unittests src\main.rs (target\debug\deps\TSS_Proj-f24ad46a4df4cb1a.exe)

running 3 tests
test mutants::tests::tests::test_1 ... FAILED
test mutants::tests::tests::test_2 - should panic ... ok
test mutants::tests::tests::test_3 - should panic ... ok

failures:

---- mutants::tests::tests::test_1 stdout ----
thread 'mutants::tests::tests::test_1' panicked at src\main.rs:56:9:
assertion `left == right` failed
  left: 
 right: 
note: run with `RUST_BACKTRACE=1` environment variable to display a backtrace


failures:
    mutants::tests::tests::test_1

test result: FAILED. 2 passed; 1 failed; 0 ignored; 0 measured; 0 filtered out; finished in 0.00s

error: test failed, to rerun pass `--bin TSS-Proj`

*** result: Failure(101)
