
*** src/main.rs:89:9: replace <impl Display for Point>::fmt -> std::fmt::Result with Ok(Default::default())

*** mutation diff:
--- src/main.rs
+++ replace <impl Display for Point>::fmt -> std::fmt::Result with Ok(Default::default())
@@ -81,17 +81,17 @@
     }
 }
 
 impl Eq for Point {}
 
 impl Display for Point
 {
     fn fmt(&self, f: &mut Formatter<'_>) -> std::fmt::Result {
-        f.write_fmt(format_args!("x: {}, y: {}", self.x, self.y))
+        Ok(Default::default()) /* ~ changed by cargo-mutants ~ */
     }
 }
 
 impl Debug for Point
 {
     fn fmt(&self, f: &mut Formatter<'_>) -> std::fmt::Result {
         Display::fmt(self, f)
     }


*** \\\\?\\C:\\Users\\stefa\\.rustup\\toolchains\\stable-x86_64-pc-windows-msvc\\bin\\cargo.exe build --tests --manifest-path C:\\Users\\stefa\\AppData\\Local\\Temp\\cargo-mutants-TSS-Proj-Jj7jFB.tmp\\Cargo.toml
   Compiling TSS-Proj v0.1.0 (C:\Users\stefa\AppData\Local\Temp\cargo-mutants-TSS-Proj-Jj7jFB.tmp)
    Finished dev [unoptimized + debuginfo] target(s) in 0.52s

*** result: Success

*** \\\\?\\C:\\Users\\stefa\\.rustup\\toolchains\\stable-x86_64-pc-windows-msvc\\bin\\cargo.exe test --manifest-path C:\\Users\\stefa\\AppData\\Local\\Temp\\cargo-mutants-TSS-Proj-Jj7jFB.tmp\\Cargo.toml
    Finished test [unoptimized + debuginfo] target(s) in 0.01s
     Running unittests src\main.rs (target\debug\deps\TSS_Proj-f24ad46a4df4cb1a.exe)

running 3 tests
test mutants::tests::tests::test_1 ... FAILED
test mutants::tests::tests::test_2 - should panic ... ok
test mutants::tests::tests::test_3 - should panic ... ok

failures:

---- mutants::tests::tests::test_1 stdout ----
thread 'mutants::tests::tests::test_1' panicked at src\main.rs:56:9:
assertion `left == right` failed
  left: start: 
offsets: [, ]
 right: start: 
offsets: [, ]


failures:
    mutants::tests::tests::test_1

test result: FAILED. 2 passed; 1 failed; 0 ignored; 0 measured; 0 filtered out; finished in 0.00s

error: test failed, to rerun pass `--bin TSS-Proj`

*** result: Failure(101)
